c:\spic\spick_engine\spick_engine\spick_engine\debug\vc142.pdb
c:\spic\spick_engine\spick_engine\spick_engine\debug\vc142.idb
c:\spic\spick_engine\spick_engine\spick_engine\debug\camerafacade.obj
c:\spic\spick_engine\spick_engine\spick_engine\debug\buttonfacade.obj
c:\spic\spick_engine\spick_engine\spick_engine\debug\animatorfacade.obj
c:\spic\spick_engine\spick_engine\spick_engine\debug\collision.obj
c:\spic\spick_engine\spick_engine\spick_engine\debug\uiobject.obj
c:\spic\spick_engine\spick_engine\spick_engine\debug\time.obj
c:\spic\spick_engine\spick_engine\spick_engine\debug\text.obj
c:\spic\spick_engine\spick_engine\spick_engine\debug\scene.obj
c:\spic\spick_engine\spick_engine\spick_engine\debug\importation.obj
c:\spic\spick_engine\spick_engine\spick_engine\debug\imouselistener.obj
c:\spic\spick_engine\spick_engine\spick_engine\debug\ikeylistener.obj
c:\spic\spick_engine\spick_engine\spick_engine\debug\gameobject.obj
c:\spic\spick_engine\spick_engine\spick_engine\debug\engine.obj
c:\spic\spick_engine\spick_engine\spick_engine\debug\color.obj
c:\spic\spick_engine\spick_engine\spick_engine\debug\camera.obj
c:\spic\spick_engine\spick_engine\spick_engine\debug\button.obj
c:\spic\spick_engine\spick_engine\spick_engine\debug\boxcollider.obj
c:\spic\spick_engine\spick_engine\spick_engine\debug\animator.obj
c:\spic\spick_engine\spick_engine\spick_engine\debug\rectanglefacade.obj
c:\spic\spick_engine\spick_engine\spick_engine\debug\tiledfacade.obj
c:\spic\spick_engine\spick_engine\spick_engine\debug\textfacade.obj
c:\spic\spick_engine\spick_engine\spick_engine\debug\scenefacade.obj
c:\spic\spick_engine\spick_engine\spick_engine\debug\mousefacade.obj
c:\spic\spick_engine\spick_engine\spick_engine\debug\keyfacade.obj
c:\spic\spick_engine\spick_engine\spick_engine\debug\spick_engine.tlog\cl.command.1.tlog
c:\spic\spick_engine\spick_engine\spick_engine\debug\spick_engine.tlog\cl.read.1.tlog
c:\spic\spick_engine\spick_engine\spick_engine\debug\spick_engine.tlog\cl.write.1.tlog
