  Text.cpp
C:\Spic\Spick_Engine\Spick_Engine\Spick_Engine\API_Headers\GameObject.hpp(42,60): warning C4834: discarding return value of function with 'nodiscard' attribute
C:\Spic\Spick_Engine\Spick_Engine\Spick_Engine\API_Headers\Camera.hpp(14,47): warning C4275: non dll-interface class 'spic::GameObject' used as base for dll-interface class 'spic::Camera'
C:\Spic\Spick_Engine\Spick_Engine\Spick_Engine\API_Headers\GameObject.hpp(17): message : see declaration of 'spic::GameObject'
C:\Spic\Spick_Engine\Spick_Engine\Spick_Engine\API_Headers\Camera.hpp(14): message : see declaration of 'spic::Camera'
C:\Spic\Spick_Engine\Spick_Engine\Spick_Engine\API_Headers\Camera.hpp(39,21): warning C4251: 'spic::Camera::name': class 'std::basic_string<char,std::char_traits<char>,std::allocator<char>>' needs to have dll-interface to be used by clients of class 'spic::Camera'
C:\Program Files (x86)\Microsoft Visual Studio\2019\Enterprise\VC\Tools\MSVC\14.29.30133\include\xstring(4905): message : see declaration of 'std::basic_string<char,std::char_traits<char>,std::allocator<char>>'
C:\Spic\Spick_Engine\Spick_Engine\Spick_Engine\API_Headers\Camera.hpp(40,15): warning C4251: 'spic::Camera::backgroundColor': class 'spic::Color' needs to have dll-interface to be used by clients of class 'spic::Camera'
C:\Spic\Spick_Engine\Spick_Engine\Spick_Engine\API_Headers\Color.hpp(11): message : see declaration of 'spic::Color'
  TextFacade.cpp
C:\Spic\Spick_Engine\Spick_Engine\Spick_Engine\Facade_Sources\TextFacade.cpp(7,26): warning C4244: '=': conversion from 'double' to 'Uint8', possible loss of data
C:\Spic\Spick_Engine\Spick_Engine\Spick_Engine\Facade_Sources\TextFacade.cpp(8,26): warning C4244: '=': conversion from 'double' to 'Uint8', possible loss of data
C:\Spic\Spick_Engine\Spick_Engine\Spick_Engine\Facade_Sources\TextFacade.cpp(9,26): warning C4244: '=': conversion from 'double' to 'Uint8', possible loss of data
C:\Spic\Spick_Engine\Spick_Engine\Spick_Engine\Facade_Sources\TextFacade.cpp(10,26): warning C4244: '=': conversion from 'double' to 'Uint8', possible loss of data
C:\Spic\Spick_Engine\Spick_Engine\Spick_Engine\Facade_Sources\TextFacade.cpp(33,26): warning C4244: '=': conversion from 'double' to 'Uint8', possible loss of data
C:\Spic\Spick_Engine\Spick_Engine\Spick_Engine\Facade_Sources\TextFacade.cpp(34,26): warning C4244: '=': conversion from 'double' to 'Uint8', possible loss of data
C:\Spic\Spick_Engine\Spick_Engine\Spick_Engine\Facade_Sources\TextFacade.cpp(35,26): warning C4244: '=': conversion from 'double' to 'Uint8', possible loss of data
C:\Spic\Spick_Engine\Spick_Engine\Spick_Engine\Facade_Sources\TextFacade.cpp(36,26): warning C4244: '=': conversion from 'double' to 'Uint8', possible loss of data
  Generating Code...
  Spick_Engine.vcxproj -> C:\Spic\Spick_Engine\Spick_Engine\Debug\Spick_Engine.dll
  C:\Spic\Spick_Engine\Spick_Engine\Debug\Spick_Engine.dll
  1 File(s) copied
